# JRE version: Java(TM) SE Runtime Environment (8.0_60-b27) (build 1.8.0_60-b27)
# Java VM: Java HotSpot(TM) 64-Bit Server VM (25.60-b23 mixed mode bsd-amd64 compressed oops)
Heap:
 PSYoungGen      total 108032K, used 61386K [0x0000000174980000, 0x000000017e200000, 0x000000019f400000)
  eden space 97280K, 52% used [0x0000000174980000,0x0000000177af9638,0x000000017a880000)
  from space 10752K, 99% used [0x000000017d780000,0x000000017e1f9500,0x000000017e200000)
  to   space 13312K, 0% used [0x000000017c800000,0x000000017c800000,0x000000017d500000)
 ParOldGen       total 70656K, used 14476K [0x000000011f400000, 0x0000000123900000, 0x0000000174980000)
  object space 70656K, 20% used [0x000000011f400000,0x0000000120223040,0x0000000123900000)
 Metaspace       used 33997K, capacity 34604K, committed 34944K, reserved 1079296K
  class space    used 4216K, capacity 4405K, committed 4480K, reserved 1048576K
GC Heap History (10 events):
Event: 3.147 GC heap before
{Heap before GC invocations=3 (full 0):
 PSYoungGen      total 38400K, used 38369K [0x0000000174980000, 0x0000000179480000, 0x000000019f400000)
  eden space 33280K, 100% used [0x0000000174980000,0x0000000176a00000,0x0000000176a00000)
  from space 5120K, 99% used [0x0000000176f00000,0x00000001773f8780,0x0000000177400000)
  to   space 5120K, 0% used [0x0000000176a00000,0x0000000176a00000,0x0000000176f00000)
 ParOldGen       total 87552K, used 1949K [0x000000011f400000, 0x0000000124980000, 0x0000000174980000)
  object space 87552K, 2% used [0x000000011f400000,0x000000011f5e7410,0x0000000124980000)
 Metaspace       used 13770K, capacity 14132K, committed 14336K, reserved 1062912K
  class space    used 1650K, capacity 1762K, committed 1792K, reserved 1048576K
Event: 3.164 GC heap after
Heap after GC invocations=3 (full 0):
 PSYoungGen      total 38400K, used 5104K [0x0000000174980000, 0x0000000179480000, 0x000000019f400000)
  eden space 33280K, 0% used [0x0000000174980000,0x0000000174980000,0x0000000176a00000)
  from space 5120K, 99% used [0x0000000176a00000,0x0000000176efc030,0x0000000176f00000)
  to   space 5120K, 0% used [0x0000000178f80000,0x0000000178f80000,0x0000000179480000)
 ParOldGen       total 87552K, used 2577K [0x000000011f400000, 0x0000000124980000, 0x0000000174980000)
  object space 87552K, 2% used [0x000000011f400000,0x000000011f684540,0x0000000124980000)
 Metaspace       used 13770K, capacity 14132K, committed 14336K, reserved 1062912K
  class space    used 1650K, capacity 1762K, committed 1792K, reserved 1048576K
}
Event: 4.223 GC heap before
{Heap before GC invocations=4 (full 0):
 PSYoungGen      total 38400K, used 38384K [0x0000000174980000, 0x0000000179480000, 0x000000019f400000)
  eden space 33280K, 100% used [0x0000000174980000,0x0000000176a00000,0x0000000176a00000)
  from space 5120K, 99% used [0x0000000176a00000,0x0000000176efc030,0x0000000176f00000)
  to   space 5120K, 0% used [0x0000000178f80000,0x0000000178f80000,0x0000000179480000)
 ParOldGen       total 87552K, used 2577K [0x000000011f400000, 0x0000000124980000, 0x0000000174980000)
  object space 87552K, 2% used [0x000000011f400000,0x000000011f684540,0x0000000124980000)
 Metaspace       used 18543K, capacity 18970K, committed 19072K, reserved 1067008K
  class space    used 2269K, capacity 2420K, committed 2432K, reserved 1048576K
Event: 4.245 GC heap after
Heap after GC invocations=4 (full 0):
 PSYoungGen      total 71680K, used 5114K [0x0000000174980000, 0x0000000179480000, 0x000000019f400000)
  eden space 66560K, 0% used [0x0000000174980000,0x0000000174980000,0x0000000178a80000)
  from space 5120K, 99% used [0x0000000178f80000,0x000000017947e970,0x0000000179480000)
  to   space 5120K, 0% used [0x0000000178a80000,0x0000000178a80000,0x0000000178f80000)
 ParOldGen       total 87552K, used 10566K [0x000000011f400000, 0x0000000124980000, 0x0000000174980000)
  object space 87552K, 12% used [0x000000011f400000,0x000000011fe51910,0x0000000124980000)
 Metaspace       used 18543K, capacity 18970K, committed 19072K, reserved 1067008K
  class space    used 2269K, capacity 2420K, committed 2432K, reserved 1048576K
}
Event: 4.951 GC heap before
{Heap before GC invocations=5 (full 0):
 PSYoungGen      total 71680K, used 34228K [0x0000000174980000, 0x0000000179480000, 0x000000019f400000)
  eden space 66560K, 43% used [0x0000000174980000,0x00000001765ee768,0x0000000178a80000)
  from space 5120K, 99% used [0x0000000178f80000,0x000000017947e970,0x0000000179480000)
  to   space 5120K, 0% used [0x0000000178a80000,0x0000000178a80000,0x0000000178f80000)
 ParOldGen       total 87552K, used 10566K [0x000000011f400000, 0x0000000124980000, 0x0000000174980000)
  object space 87552K, 12% used [0x000000011f400000,0x000000011fe51910,0x0000000124980000)
 Metaspace       used 20768K, capacity 21246K, committed 21296K, reserved 1069056K
  class space    used 2517K, capacity 2686K, committed 2688K, reserved 1048576K
Event: 4.966 GC heap after
Heap after GC invocations=5 (full 0):
 PSYoungGen      total 71680K, used 5099K [0x0000000174980000, 0x000000017e380000, 0x000000019f400000)
  eden space 66560K, 0% used [0x0000000174980000,0x0000000174980000,0x0000000178a80000)
  from space 5120K, 99% used [0x0000000178a80000,0x0000000178f7ae28,0x0000000178f80000)
  to   space 12288K, 0% used [0x000000017d780000,0x000000017d780000,0x000000017e380000)
 ParOldGen       total 87552K, used 13142K [0x000000011f400000, 0x0000000124980000, 0x0000000174980000)
  object space 87552K, 15% used [0x000000011f400000,0x00000001200d59e8,0x0000000124980000)
 Metaspace       used 20768K, capacity 21246K, committed 21296K, reserved 1069056K
  class space    used 2517K, capacity 2686K, committed 2688K, reserved 1048576K
}
Event: 4.966 GC heap before
{Heap before GC invocations=6 (full 1):
 PSYoungGen      total 71680K, used 5099K [0x0000000174980000, 0x000000017e380000, 0x000000019f400000)
  eden space 66560K, 0% used [0x0000000174980000,0x0000000174980000,0x0000000178a80000)
  from space 5120K, 99% used [0x0000000178a80000,0x0000000178f7ae28,0x0000000178f80000)
  to   space 12288K, 0% used [0x000000017d780000,0x000000017d780000,0x000000017e380000)
 ParOldGen       total 87552K, used 13142K [0x000000011f400000, 0x0000000124980000, 0x0000000174980000)
  object space 87552K, 15% used [0x000000011f400000,0x00000001200d59e8,0x0000000124980000)
 Metaspace       used 20768K, capacity 21246K, committed 21296K, reserved 1069056K
  class space    used 2517K, capacity 2686K, committed 2688K, reserved 1048576K
Event: 5.038 GC heap after
Heap after GC invocations=6 (full 1):
 PSYoungGen      total 71680K, used 0K [0x0000000174980000, 0x000000017e380000, 0x000000019f400000)
  eden space 66560K, 0% used [0x0000000174980000,0x0000000174980000,0x0000000178a80000)
  from space 5120K, 0% used [0x0000000178a80000,0x0000000178a80000,0x0000000178f80000)
  to   space 12288K, 0% used [0x000000017d780000,0x000000017d780000,0x000000017e380000)
 ParOldGen       total 70656K, used 14468K [0x000000011f400000, 0x0000000123900000, 0x0000000174980000)
  object space 70656K, 20% used [0x000000011f400000,0x0000000120221040,0x0000000123900000)
 Metaspace       used 20768K, capacity 21246K, committed 21296K, reserved 1069056K
  class space    used 2517K, capacity 2686K, committed 2688K, reserved 1048576K
}
Event: 23.742 GC heap before
{Heap before GC invocations=7 (full 1):
 PSYoungGen      total 71680K, used 66560K [0x0000000174980000, 0x000000017e380000, 0x000000019f400000)
  eden space 66560K, 100% used [0x0000000174980000,0x0000000178a80000,0x0000000178a80000)
  from space 5120K, 0% used [0x0000000178a80000,0x0000000178a80000,0x0000000178f80000)
  to   space 12288K, 0% used [0x000000017d780000,0x000000017d780000,0x000000017e380000)
 ParOldGen       total 70656K, used 14468K [0x000000011f400000, 0x0000000123900000, 0x0000000174980000)
  object space 70656K, 20% used [0x000000011f400000,0x0000000120221040,0x0000000123900000)
 Metaspace       used 30280K, capacity 30812K, committed 31104K, reserved 1077248K
  class space    used 3719K, capacity 3887K, committed 3968K, reserved 1048576K
Event: 23.757 GC heap after
Heap after GC invocations=7 (full 1):
 PSYoungGen      total 108032K, used 10725K [0x0000000174980000, 0x000000017e200000, 0x000000019f400000)
  eden space 97280K, 0% used [0x0000000174980000,0x0000000174980000,0x000000017a880000)
  from space 10752K, 99% used [0x000000017d780000,0x000000017e1f9500,0x000000017e200000)
  to   space 13312K, 0% used [0x000000017c800000,0x000000017c800000,0x000000017d500000)
 ParOldGen       total 70656K, used 14476K [0x000000011f400000, 0x0000000123900000, 0x0000000174980000)
  object space 70656K, 20% used [0x000000011f400000,0x0000000120223040,0x0000000123900000)
 Metaspace       used 30280K, capacity 30812K, committed 31104K, reserved 1077248K
  class space    used 3719K, capacity 3887K, committed 3968K, reserved 1048576K
}

